<?xml version="1.0" encoding="UTF-8"?>
<testsuite name="edu.hm.cs.fh.dominion.database.full.PlayerTest" tests="11" skipped="0" failures="0" errors="0" timestamp="2017-12-12T15:44:25" hostname="hcm166" time="0.0">
  <properties/>
  <testcase name="getPurchases" classname="edu.hm.cs.fh.dominion.database.full.PlayerTest" time="0.0"/>
  <testcase name="getCardDeckHand" classname="edu.hm.cs.fh.dominion.database.full.PlayerTest" time="0.0"/>
  <testcase name="getCardDeckPull" classname="edu.hm.cs.fh.dominion.database.full.PlayerTest" time="0.0"/>
  <testcase name="pollCards" classname="edu.hm.cs.fh.dominion.database.full.PlayerTest" time="0.0"/>
  <testcase name="getActions" classname="edu.hm.cs.fh.dominion.database.full.PlayerTest" time="0.0"/>
  <testcase name="getName" classname="edu.hm.cs.fh.dominion.database.full.PlayerTest" time="0.0"/>
  <testcase name="clean" classname="edu.hm.cs.fh.dominion.database.full.PlayerTest" time="0.0"/>
  <testcase name="getCardDeckStacker" classname="edu.hm.cs.fh.dominion.database.full.PlayerTest" time="0.0"/>
  <testcase name="getVictoryPoints" classname="edu.hm.cs.fh.dominion.database.full.PlayerTest" time="0.0"/>
  <testcase name="getMoney" classname="edu.hm.cs.fh.dominion.database.full.PlayerTest" time="0.0"/>
  <testcase name="getCardDeckPlayed" classname="edu.hm.cs.fh.dominion.database.full.PlayerTest" time="0.0"/>
  <system-out><![CDATA[]]></system-out>
  <system-err><![CDATA[]]></system-err>
</testsuite>
