<?xml version="1.0" encoding="UTF-8"?>
<testsuite name="edu.hm.cs.fh.dominion.database.full.GameTest" tests="27" skipped="0" failures="0" errors="0" timestamp="2017-12-12T15:44:25" hostname="hcm166" time="0.0">
  <properties/>
  <testcase name="notifyObservers" classname="edu.hm.cs.fh.dominion.database.full.GameTest" time="0.0"/>
  <testcase name="getSupplyCardSet" classname="edu.hm.cs.fh.dominion.database.full.GameTest" time="0.0"/>
  <testcase name="getRwPlayers" classname="edu.hm.cs.fh.dominion.database.full.GameTest" time="0.0"/>
  <testcase name="setAttacker" classname="edu.hm.cs.fh.dominion.database.full.GameTest" time="0.0"/>
  <testcase name="getAttacker" classname="edu.hm.cs.fh.dominion.database.full.GameTest" time="0.0"/>
  <testcase name="setAttackCard" classname="edu.hm.cs.fh.dominion.database.full.GameTest" time="0.0"/>
  <testcase name="nextPlayer" classname="edu.hm.cs.fh.dominion.database.full.GameTest" time="0.0"/>
  <testcase name="getToResolveActionCard" classname="edu.hm.cs.fh.dominion.database.full.GameTest" time="0.0"/>
  <testcase name="isOver" classname="edu.hm.cs.fh.dominion.database.full.GameTest" time="0.0"/>
  <testcase name="getSupplySize" classname="edu.hm.cs.fh.dominion.database.full.GameTest" time="0.0"/>
  <testcase name="setCurrentPlayer" classname="edu.hm.cs.fh.dominion.database.full.GameTest" time="0.0"/>
  <testcase name="addSupplyCard" classname="edu.hm.cs.fh.dominion.database.full.GameTest" time="0.0"/>
  <testcase name="setChanged" classname="edu.hm.cs.fh.dominion.database.full.GameTest" time="0.0"/>
  <testcase name="registerPlayer" classname="edu.hm.cs.fh.dominion.database.full.GameTest" time="0.0"/>
  <testcase name="getSupplyCardCount" classname="edu.hm.cs.fh.dominion.database.full.GameTest" time="0.0"/>
  <testcase name="getPlayerCount" classname="edu.hm.cs.fh.dominion.database.full.GameTest" time="0.0"/>
  <testcase name="addCardToWaste" classname="edu.hm.cs.fh.dominion.database.full.GameTest" time="0.0"/>
  <testcase name="addToResolveActionCard" classname="edu.hm.cs.fh.dominion.database.full.GameTest" time="0.0"/>
  <testcase name="getPlayers" classname="edu.hm.cs.fh.dominion.database.full.GameTest" time="0.0"/>
  <testcase name="getCardFromSupply" classname="edu.hm.cs.fh.dominion.database.full.GameTest" time="0.0"/>
  <testcase name="getCurrentPlayer" classname="edu.hm.cs.fh.dominion.database.full.GameTest" time="0.0"/>
  <testcase name="popToResolveActionCard" classname="edu.hm.cs.fh.dominion.database.full.GameTest" time="0.0"/>
  <testcase name="setState" classname="edu.hm.cs.fh.dominion.database.full.GameTest" time="0.0"/>
  <testcase name="getState" classname="edu.hm.cs.fh.dominion.database.full.GameTest" time="0.0"/>
  <testcase name="getWaste" classname="edu.hm.cs.fh.dominion.database.full.GameTest" time="0.0"/>
  <testcase name="setOver" classname="edu.hm.cs.fh.dominion.database.full.GameTest" time="0.0"/>
  <testcase name="getAttackCard" classname="edu.hm.cs.fh.dominion.database.full.GameTest" time="0.0"/>
  <system-out><![CDATA[]]></system-out>
  <system-err><![CDATA[]]></system-err>
</testsuite>
