<?xml version="1.0" encoding="UTF-8"?>
<testsuite name="edu.hm.cs.fh.dominion.database.cards.CardTest" tests="1" skipped="0" failures="0" errors="0" timestamp="2017-12-12T15:44:25" hostname="hcm166" time="0.0">
  <properties/>
  <testcase name="findAll" classname="edu.hm.cs.fh.dominion.database.cards.CardTest" time="0.0"/>
  <system-out><![CDATA[]]></system-out>
  <system-err><![CDATA[]]></system-err>
</testsuite>
